<?xml version="1.0" encoding="UTF-8"?>
<testsuites name="healthcare-tests - TS_RegressionTest - 01 02 (1)" time="36.187" tests="2" failures="0" errors="0">
   <testsuite name="healthcare-tests - TS_RegressionTest - 01 02 (1)" tests="2" failures="0" errors="0" time="36.187" skipped="0" timestamp="03-04-2025T16:59:36" hostname="nhi.ly - localhost" id="Test Suites/healthcare-tests - TS_RegressionTest - 01 02 (1)">
      <properties>
         <property name="deviceName" value=""/>
         <property name="devicePlatform"/>
         <property name="logFolder" value="/Users/nhi.ly/Downloads/project-katalon/healthyCare_Check/Reports/20250403_165928/healthcare-tests - TS_RegressionTest - 01 02 (1)/20250403_165929"/>
         <property name="logFiles" value="/Users/nhi.ly/Downloads/project-katalon/healthyCare_Check/Reports/20250403_165928/healthcare-tests - TS_RegressionTest - 01 02 (1)/20250403_165929/execution0.log"/>
         <property name="attachments" value="keyes/keyes-login page.png, keyes/keyes-appointment page.png, keyes/keyes-booked appointment.png, /Users/nhi.ly/Downloads/project-katalon/healthyCare_Check/Reports/20250403_165928/healthcare-tests - TS_RegressionTest - 01 02 (1)/20250403_165929/1743674410255.png"/>
         <property name="hostName" value="nhi.ly - localhost"/>
         <property name="os" value="Mac OS X 64bit"/>
         <property name="katalonVersion" value="10.1.1.0"/>
         <property name="browser" value="Chrome 134.0.6998.166"/>
         <property name="hostAddress" value="127.0.0.1"/>
         <property name="sessionId" value="4566b99d2a49d7df47ea91ecfe82f188"/>
         <property name="seleniumVersion" value="4.22.0"/>
         <property name="proxyInformation" value="ProxyInformation { proxyOption=NO_PROXY, proxyServerType=HTTP, username=, password=********, proxyServerAddress=, proxyServerPort=0, executionList=&quot;&quot;, isApplyToDesiredCapabilities=true }"/>
         <property name="platform" value="Mac OS X"/>
      </properties>
      <testcase name="Test Cases/Main Test Cases Rename 01 02 (1)/TC1_Verify Successful Login" time="13.972" classname="Test Cases/Main Test Cases Rename 01 02 (1)/TC1_Verify Successful Login" status="PASSED">
         <properties>
            <property name="data_binding"><![CDATA[{"(Default) Passw...":"ThisIsNotAPassword","(Default) Usern...":"John Doe"}]]></property>
         </properties>
         <system-out><![CDATA[03-04-2025T16:59:36 - [TEST_CASE][PASSED] - Test Cases/Main Test Cases Rename 01 02 (1)/TC1_Verify Successful Login: Test Cases/Main Test Cases Rename 01 02 (1)/TC1_Verify Successful Login

03-04-2025T16:59:36 - [TEST_STEP][PASSED] - comment("Story: Login to CURA system"): Story: Login to CURA system

03-04-2025T16:59:36 - [MESSAGE][INFO] - Story: Login to CURA system

03-04-2025T16:59:36 - [TEST_STEP][PASSED] - comment("Given that the user has the valid login information"): Given that the user has the valid login information

03-04-2025T16:59:36 - [MESSAGE][INFO] - Given that the user has the valid login information

03-04-2025T16:59:36 - [TEST_STEP][PASSED] - openBrowser(G_SiteURL): Browser is opened with url: 'http://demoaut.katalon.com'

03-04-2025T16:59:36 - [MESSAGE][INFO] - Starting 'Chrome (headless)' driver

03-04-2025T16:59:37 - [MESSAGE][INFO] - Action delay is set to 0 milliseconds

03-04-2025T16:59:45 - [MESSAGE][PASSED] - Browser is opened with url: 'http://demoaut.katalon.com'

03-04-2025T16:59:45 - [TEST_STEP][PASSED] - click(findTestObject("Page_CuraHomepage/btn_MakeAppointment")): Object: 'Object Repository/Page_CuraHomepage/btn_MakeAppointment' is clicked on

03-04-2025T16:59:45 - [MESSAGE][PASSED] - Object: 'Object Repository/Page_CuraHomepage/btn_MakeAppointment' is clicked on

03-04-2025T16:59:45 - [TEST_STEP][PASSED] - setText(findTestObject("Page_Login/txt_UserName"), Username): Text 'John Doe' is set on object 'Object Repository/Page_Login/txt_UserName'

03-04-2025T16:59:46 - [MESSAGE][PASSED] - Text 'John Doe' is set on object 'Object Repository/Page_Login/txt_UserName'

03-04-2025T16:59:46 - [TEST_STEP][PASSED] - setText(findTestObject("Page_Login/txt_Password"), Password): Text 'ThisIsNotAPassword' is set on object 'Object Repository/Page_Login/txt_Password'

03-04-2025T16:59:47 - [MESSAGE][PASSED] - Text 'ThisIsNotAPassword' is set on object 'Object Repository/Page_Login/txt_Password'

03-04-2025T16:59:47 - [TEST_STEP][PASSED] - comment("When he logins to CURA system"): When he logins to CURA system

03-04-2025T16:59:47 - [MESSAGE][INFO] - When he logins to CURA system

03-04-2025T16:59:47 - [TEST_STEP][PASSED] - click(findTestObject("Page_Login/btn_Login")): Object: 'Object Repository/Page_Login/btn_Login' is clicked on

03-04-2025T16:59:47 - [MESSAGE][PASSED] - Object: 'Object Repository/Page_Login/btn_Login' is clicked on

03-04-2025T16:59:47 - [TEST_STEP][PASSED] - comment("Then he should be able to login successfully"): Then he should be able to login successfully

03-04-2025T16:59:47 - [MESSAGE][INFO] - Then he should be able to login successfully

03-04-2025T16:59:47 - [TEST_STEP][PASSED] - landingPage = verifyElementPresent(findTestObject("Page_CuraAppointment/div_Appointment"), G_Timeout): Object 'Object Repository/Page_CuraAppointment/div_Appointment' is present

03-04-2025T16:59:48 - [MESSAGE][PASSED] - Object 'Object Repository/Page_CuraAppointment/div_Appointment' is present

03-04-2025T16:59:48 - [TEST_STEP][PASSED] - closeBrowser(): Browser is closed

03-04-2025T16:59:48 - [MESSAGE][PASSED] - Browser is closed

03-04-2025T16:59:50 - [TEST_STEP][PASSED] - Video: Video recording for test case 'Test Cases/Main Test Cases Rename 01 02 (1)/TC1_Verify Successful Login' .

03-04-2025T16:59:50 - [MESSAGE][INFO] - Video recording for test case 'Test Cases/Main Test Cases Rename 01 02 (1)/TC1_Verify Successful Login' .]]></system-out>
         <system-err><![CDATA[]]></system-err>
      </testcase>
      <testcase name="Test Cases/Main Test Cases Rename 01 02 (1)/TC3_Visual Testing Example Rename" time="22.106" classname="Test Cases/Main Test Cases Rename 01 02 (1)/TC3_Visual Testing Example Rename" status="PASSED">
         <system-out><![CDATA[03-04-2025T16:59:50 - [TEST_CASE][PASSED] - Test Cases/Main Test Cases Rename 01 02 (1)/TC3_Visual Testing Example Rename: Test Cases/Main Test Cases Rename 01 02 (1)/TC3_Visual Testing Example Rename

03-04-2025T16:59:50 - [TEST_STEP][PASSED] - comment("Story: Book an appointment"): Story: Book an appointment

03-04-2025T16:59:50 - [MESSAGE][INFO] - Story: Book an appointment

03-04-2025T16:59:50 - [TEST_STEP][PASSED] - comment("Given that the user has logged into their account"): Given that the user has logged into their account

03-04-2025T16:59:50 - [MESSAGE][INFO] - Given that the user has logged into their account

03-04-2025T16:59:50 - [TEST_STEP][PASSED] - openBrowser(G_SiteURL): Browser is opened with url: 'http://demoaut.katalon.com'

03-04-2025T16:59:50 - [MESSAGE][INFO] - Starting 'Chrome (headless)' driver

03-04-2025T16:59:50 - [MESSAGE][INFO] - Action delay is set to 0 milliseconds

03-04-2025T16:59:57 - [MESSAGE][PASSED] - Browser is opened with url: 'http://demoaut.katalon.com'

03-04-2025T16:59:57 - [TEST_STEP][PASSED] - takeScreenshotAsCheckpoint("login page"): Taking screenshot successfully

03-04-2025T16:59:58 - [MESSAGE][INFO] - 0 hidden object(s)

03-04-2025T16:59:58 - [MESSAGE][PASSED] - Taking screenshot successfully
[[ATTACHMENT|keyes/keyes-login page.png]]

03-04-2025T16:59:58 - [TEST_STEP][PASSED] - callTestCase(findTestCase("Common Test Cases/Login"), ["Username":"John Doe", "Password":"ThisIsNotAPassword"], STOP_ON_FAILURE): Call Test Case 'Test Cases/Common Test Cases/Login' successfully

03-04-2025T16:59:58 - [TEST_CASE][PASSED] - Test Cases/Common Test Cases/Login: Test Cases/Common Test Cases/Login

03-04-2025T16:59:58 - [TEST_STEP][PASSED] - click(findTestObject("Page_CuraHomepage/btn_MakeAppointment")): Object: 'Object Repository/Page_CuraHomepage/btn_MakeAppointment' is clicked on

03-04-2025T16:59:59 - [MESSAGE][PASSED] - Object: 'Object Repository/Page_CuraHomepage/btn_MakeAppointment' is clicked on

03-04-2025T16:59:59 - [TEST_STEP][PASSED] - setText(findTestObject("Page_Login/txt_UserName"), Username): Text 'John Doe' is set on object 'Object Repository/Page_Login/txt_UserName'

03-04-2025T17:00:00 - [MESSAGE][PASSED] - Text 'John Doe' is set on object 'Object Repository/Page_Login/txt_UserName'

03-04-2025T17:00:00 - [TEST_STEP][PASSED] - setText(findTestObject("Page_Login/txt_Password"), Password): Text 'ThisIsNotAPassword' is set on object 'Object Repository/Page_Login/txt_Password'

03-04-2025T17:00:00 - [MESSAGE][PASSED] - Text 'ThisIsNotAPassword' is set on object 'Object Repository/Page_Login/txt_Password'

03-04-2025T17:00:00 - [TEST_STEP][PASSED] - click(findTestObject("Page_Login/btn_Login")): Object: 'Object Repository/Page_Login/btn_Login' is clicked on

03-04-2025T17:00:01 - [MESSAGE][PASSED] - Object: 'Object Repository/Page_Login/btn_Login' is clicked on

03-04-2025T17:00:01 - [TEST_STEP][PASSED] - landingPage = verifyElementPresent(findTestObject("Page_CuraAppointment/div_Appointment"), G_Timeout): Object 'Object Repository/Page_CuraAppointment/div_Appointment' is present

03-04-2025T17:00:01 - [MESSAGE][PASSED] - Object 'Object Repository/Page_CuraAppointment/div_Appointment' is present

03-04-2025T17:00:01 - [MESSAGE][PASSED] - Call Test Case 'Test Cases/Common Test Cases/Login' successfully

03-04-2025T17:00:01 - [TEST_STEP][PASSED] - comment("And Appointment page is displayed"): And Appointment page is displayed

03-04-2025T17:00:01 - [MESSAGE][INFO] - And Appointment page is displayed

03-04-2025T17:00:01 - [TEST_STEP][PASSED] - if (true): Text 'Please make appointment as soon as possible.' is set on object 'Object Repository/Page_CuraAppointment/txt_Comment'

03-04-2025T17:00:01 - [TEST_STEP][PASSED] - takeScreenshotAsCheckpoint("appointment page"): Taking screenshot successfully

03-04-2025T17:00:02 - [MESSAGE][INFO] - 0 hidden object(s)

03-04-2025T17:00:02 - [MESSAGE][PASSED] - Taking screenshot successfully
[[ATTACHMENT|keyes/keyes-appointment page.png]]

03-04-2025T17:00:02 - [TEST_STEP][PASSED] - selectOptionByLabel(findTestObject("Page_CuraAppointment/lst_Facility"), "Hongkong CURA Healthcare Center", false): All options with label 'Hongkong CURA Healthcare Center' are selected in object 'Object Repository/Page_CuraAppointment/lst_Facility' 

03-04-2025T17:00:02 - [MESSAGE][PASSED] - All options with label 'Hongkong CURA Healthcare Center' are selected in object 'Object Repository/Page_CuraAppointment/lst_Facility' 

03-04-2025T17:00:02 - [TEST_STEP][PASSED] - check(findTestObject("Page_CuraAppointment/chk_Medicaid")): Object 'Object Repository/Page_CuraAppointment/chk_Medicaid' is checked

03-04-2025T17:00:03 - [MESSAGE][PASSED] - Object 'Object Repository/Page_CuraAppointment/chk_Medicaid' is checked

03-04-2025T17:00:03 - [TEST_STEP][PASSED] - check(findTestObject("Page_CuraAppointment/chk_Readmission")): Object 'Object Repository/Page_CuraAppointment/chk_Readmission' is checked

03-04-2025T17:00:03 - [MESSAGE][PASSED] - Object 'Object Repository/Page_CuraAppointment/chk_Readmission' is checked

03-04-2025T17:00:03 - [TEST_STEP][PASSED] - setText(findTestObject("Page_CuraAppointment/txt_VisitDate"), "27/12/2016"): Text '27/12/2016' is set on object 'Object Repository/Page_CuraAppointment/txt_VisitDate'

03-04-2025T17:00:03 - [MESSAGE][PASSED] - Text '27/12/2016' is set on object 'Object Repository/Page_CuraAppointment/txt_VisitDate'

03-04-2025T17:00:03 - [TEST_STEP][PASSED] - setText(findTestObject("Page_CuraAppointment/txt_Comment"), "Please make appointment as soon as possible."): Text 'Please make appointment as soon as possible.' is set on object 'Object Repository/Page_CuraAppointment/txt_Comment'

03-04-2025T17:00:04 - [MESSAGE][PASSED] - Text 'Please make appointment as soon as possible.' is set on object 'Object Repository/Page_CuraAppointment/txt_Comment'

03-04-2025T17:00:04 - [TEST_STEP][PASSED] - comment("When he fills in valid information in Appointment page"): When he fills in valid information in Appointment page

03-04-2025T17:00:04 - [MESSAGE][INFO] - When he fills in valid information in Appointment page

03-04-2025T17:00:04 - [TEST_STEP][PASSED] - click(findTestObject("Page_CuraAppointment/btn_BookAppointment")): Object: 'Object Repository/Page_CuraAppointment/btn_BookAppointment' is clicked on

03-04-2025T17:00:04 - [MESSAGE][PASSED] - Object: 'Object Repository/Page_CuraAppointment/btn_BookAppointment' is clicked on

03-04-2025T17:00:04 - [TEST_STEP][PASSED] - verifyTextPresent("Appointment Confirmation", false): Text 'Appointment Confirmation' is present on page 

03-04-2025T17:00:05 - [MESSAGE][PASSED] - Text 'Appointment Confirmation' is present on page 

03-04-2025T17:00:05 - [TEST_STEP][PASSED] - comment("Then he should be able to book a new appointment"): Then he should be able to book a new appointment

03-04-2025T17:00:05 - [MESSAGE][INFO] - Then he should be able to book a new appointment

03-04-2025T17:00:05 - [TEST_STEP][PASSED] - if (true): Actual text 'Please make appointment as soon as possible.' and expected text 'Please make appointment as soon as possible.' are matched 

03-04-2025T17:00:05 - [TEST_STEP][PASSED] - takeFullPageScreenshotAsCheckpoint("booked appointment", [findTestObject("Page_AppointmentConfirmation/lbl_VisitDate")]): Taking screenshot successfully

03-04-2025T17:00:05 - [MESSAGE][WARNING] - Timeout '0' is invalid. Using default page load timeout: '30'

03-04-2025T17:00:05 - [MESSAGE][INFO] - 1 hidden object(s)

03-04-2025T17:00:08 - [MESSAGE][INFO] - 0 hidden object(s)

03-04-2025T17:00:08 - [MESSAGE][PASSED] - Taking screenshot successfully
[[ATTACHMENT|keyes/keyes-booked appointment.png]]

03-04-2025T17:00:08 - [TEST_STEP][PASSED] - verifyMatch("Hongkong CURA Healthcare Center", getText(findTestObject("Page_AppointmentConfirmation/lbl_Facility")), false): Actual text 'Hongkong CURA Healthcare Center' and expected text 'Hongkong CURA Healthcare Center' are matched 

03-04-2025T17:00:09 - [MESSAGE][PASSED] - Text of object 'Object Repository/Page_AppointmentConfirmation/lbl_Facility' is: 'Hongkong CURA Healthcare Center'

03-04-2025T17:00:09 - [MESSAGE][PASSED] - Actual text 'Hongkong CURA Healthcare Center' and expected text 'Hongkong CURA Healthcare Center' are matched 

03-04-2025T17:00:09 - [TEST_STEP][PASSED] - verifyMatch("Yes", getText(findTestObject("Page_AppointmentConfirmation/lbl_HospitalReadmission")), false): Actual text 'Yes' and expected text 'Yes' are matched 

03-04-2025T17:00:09 - [MESSAGE][PASSED] - Text of object 'Object Repository/Page_AppointmentConfirmation/lbl_HospitalReadmission' is: 'Yes'

03-04-2025T17:00:09 - [MESSAGE][PASSED] - Actual text 'Yes' and expected text 'Yes' are matched 

03-04-2025T17:00:09 - [TEST_STEP][PASSED] - verifyMatch("Medicaid", getText(findTestObject("Page_AppointmentConfirmation/lbl_Program")), false): Actual text 'Medicaid' and expected text 'Medicaid' are matched 

03-04-2025T17:00:09 - [MESSAGE][PASSED] - Text of object 'Object Repository/Page_AppointmentConfirmation/lbl_Program' is: 'Medicaid'

03-04-2025T17:00:09 - [MESSAGE][PASSED] - Actual text 'Medicaid' and expected text 'Medicaid' are matched 

03-04-2025T17:00:09 - [TEST_STEP][PASSED] - verifyMatch("27/12/2016", getText(findTestObject("Page_AppointmentConfirmation/lbl_VisitDate")), false): Actual text '27/12/2016' and expected text '27/12/2016' are matched 

03-04-2025T17:00:09 - [MESSAGE][PASSED] - Text of object 'Object Repository/Page_AppointmentConfirmation/lbl_VisitDate' is: '27/12/2016'

03-04-2025T17:00:09 - [MESSAGE][PASSED] - Actual text '27/12/2016' and expected text '27/12/2016' are matched 

03-04-2025T17:00:09 - [TEST_STEP][PASSED] - verifyMatch("Please make appointment as soon as possible.", getText(findTestObject("Page_AppointmentConfirmation/lbl_Comment")), false): Actual text 'Please make appointment as soon as possible.' and expected text 'Please make appointment as soon as possible.' are matched 

03-04-2025T17:00:10 - [MESSAGE][PASSED] - Text of object 'Object Repository/Page_AppointmentConfirmation/lbl_Comment' is: 'Please make appointment as soon as possible.'

03-04-2025T17:00:10 - [MESSAGE][PASSED] - Actual text 'Please make appointment as soon as possible.' and expected text 'Please make appointment as soon as possible.' are matched 

03-04-2025T17:00:10 - [TEST_STEP][PASSED] - takeScreenshot(): Taking screenshot successfully

03-04-2025T17:00:10 - [MESSAGE][PASSED] - Taking screenshot successfully
[[ATTACHMENT|/Users/nhi.ly/Downloads/project-katalon/healthyCare_Check/Reports/20250403_165928/healthcare-tests - TS_RegressionTest - 01 02 (1)/20250403_165929/1743674410255.png]]

03-04-2025T17:00:10 - [TEST_STEP][PASSED] - closeBrowser(): Browser is closed

03-04-2025T17:00:10 - [MESSAGE][PASSED] - Browser is closed

03-04-2025T17:00:12 - [TEST_STEP][PASSED] - Video: Video recording for test case 'Test Cases/Main Test Cases Rename 01 02 (1)/TC3_Visual Testing Example Rename' .

03-04-2025T17:00:12 - [MESSAGE][INFO] - Video recording for test case 'Test Cases/Main Test Cases Rename 01 02 (1)/TC3_Visual Testing Example Rename' .]]></system-out>
         <system-err><![CDATA[]]></system-err>
      </testcase>
      <system-out><![CDATA[03-04-2025T16:59:36 - [TEST_SUITE][PASSED] - healthcare-tests - TS_RegressionTest - 01 02 (1): Test Cases/Main Test Cases Rename 01 02 (1)/TC3_Visual Testing Example Rename]]></system-out>
      <system-err><![CDATA[]]></system-err>
   </testsuite>
</testsuites>
